[debug] [2022-10-27T12:12:49.023Z] ----------------------------------------------------------------------
[debug] [2022-10-27T12:12:49.025Z] Command:       C:\Program Files\nodejs\node.exe C:\Users\88019\AppData\Roaming\npm\node_modules\firebase-tools\lib\bin\firebase.js login
[debug] [2022-10-27T12:12:49.025Z] CLI Version:   11.15.0
[debug] [2022-10-27T12:12:49.026Z] Platform:      win32
[debug] [2022-10-27T12:12:49.026Z] Node Version:  v16.16.0
[debug] [2022-10-27T12:12:49.102Z] Time:          Thu Oct 27 2022 18:12:49 GMT+0600 (Bangladesh Standard Time)
[debug] [2022-10-27T12:12:49.103Z] ----------------------------------------------------------------------
[debug] 
[debug] [2022-10-27T12:12:49.115Z] >>> [apiv2][query] GET https://firebase-public.firebaseio.com/cli.json [none]
[info] i  Firebase optionally collects CLI and Emulator Suite usage and error reporting information to help improve our products. Data is collected in accordance with Google's privacy policy (https://policies.google.com/privacy) and is not used to identify you.
 
[debug] [2022-10-27T12:12:50.114Z] <<< [apiv2][status] GET https://firebase-public.firebaseio.com/cli.json 200
[debug] [2022-10-27T12:12:50.116Z] <<< [apiv2][body] GET https://firebase-public.firebaseio.com/cli.json {"cloudBuildErrorAfter":1594252800000,"cloudBuildWarnAfter":1590019200000,"defaultNode10After":1594252800000,"minVersion":"3.0.5","node8DeploysDisabledAfter":1613390400000,"node8RuntimeDisabledAfter":1615809600000,"node8WarnAfter":1600128000000}
[info] i  To change your data collection preference at any time, run `firebase logout` and log in again. 
[info] 
[info] Visit this URL on this device to log in:
[info] https://accounts.google.com/o/oauth2/auth?client_id=563584335869-fgrhgmd47bqnekij5i8b5pr03ho849e6.apps.googleusercontent.com&scope=email%20openid%20https%3A%2F%2Fwww.googleapis.com%2Fauth%2Fcloudplatformprojects.readonly%20https%3A%2F%2Fwww.googleapis.com%2Fauth%2Ffirebase%20https%3A%2F%2Fwww.googleapis.com%2Fauth%2Fcloud-platform&response_type=code&state=724765591&redirect_uri=http%3A%2F%2Flocalhost%3A9005
[info] 
[info] Waiting for authentication...
[debug] [2022-10-27T12:13:07.236Z] >>> [apiv2][query] POST https://accounts.google.com/o/oauth2/token [none]
[debug] [2022-10-27T12:13:07.237Z] >>> [apiv2][body] POST https://accounts.google.com/o/oauth2/token [omitted]
[debug] [2022-10-27T12:13:07.730Z] <<< [apiv2][status] POST https://accounts.google.com/o/oauth2/token 200
[debug] [2022-10-27T12:13:07.731Z] <<< [apiv2][body] POST https://accounts.google.com/o/oauth2/token [omitted]
[info] 
[info] +  Success! Logged in as dulonmolla88@gmail.com 
[debug] [2022-10-27T12:13:18.054Z] Error: Timed out.
    at Timeout._onTimeout (C:\Users\88019\AppData\Roaming\npm\node_modules\firebase-tools\lib\utils.js:253:49)
    at listOnTimeout (node:internal/timers:559:17)
    at processTimers (node:internal/timers:502:7)
[error] 
[error] Error: An unexpected error has occurred.
[debug] [2022-10-27T12:13:29.293Z] ----------------------------------------------------------------------
[debug] [2022-10-27T12:13:29.295Z] Command:       C:\Program Files\nodejs\node.exe C:\Users\88019\AppData\Roaming\npm\node_modules\firebase-tools\lib\bin\firebase.js login
[debug] [2022-10-27T12:13:29.296Z] CLI Version:   11.15.0
[debug] [2022-10-27T12:13:29.296Z] Platform:      win32
[debug] [2022-10-27T12:13:29.296Z] Node Version:  v16.16.0
[debug] [2022-10-27T12:13:29.297Z] Time:          Thu Oct 27 2022 18:13:29 GMT+0600 (Bangladesh Standard Time)
[debug] [2022-10-27T12:13:29.297Z] ----------------------------------------------------------------------
[debug] 
[info] Already logged in as dulonmolla88@gmail.com
[debug] [2022-10-27T12:14:37.336Z] ----------------------------------------------------------------------
[debug] [2022-10-27T12:14:37.338Z] Command:       C:\Program Files\nodejs\node.exe C:\Users\88019\AppData\Roaming\npm\node_modules\firebase-tools\lib\bin\firebase.js init
[debug] [2022-10-27T12:14:37.338Z] CLI Version:   11.15.0
[debug] [2022-10-27T12:14:37.339Z] Platform:      win32
[debug] [2022-10-27T12:14:37.339Z] Node Version:  v16.16.0
[debug] [2022-10-27T12:14:37.340Z] Time:          Thu Oct 27 2022 18:14:37 GMT+0600 (Bangladesh Standard Time)
[debug] [2022-10-27T12:14:37.340Z] ----------------------------------------------------------------------
[debug] 
[debug] [2022-10-27T12:14:37.350Z] > command requires scopes: ["email","openid","https://www.googleapis.com/auth/cloudplatformprojects.readonly","https://www.googleapis.com/auth/firebase","https://www.googleapis.com/auth/cloud-platform"]
[debug] [2022-10-27T12:14:37.352Z] > authorizing via signed-in user (dulonmolla88@gmail.com)
[info] 
     ######## #### ########  ######## ########     ###     ######  ########
     ##        ##  ##     ## ##       ##     ##  ##   ##  ##       ##
     ######    ##  ########  ######   ########  #########  ######  ######
     ##        ##  ##    ##  ##       ##     ## ##     ##       ## ##
     ##       #### ##     ## ######## ########  ##     ##  ######  ########

You're about to initialize a Firebase project in this directory:

  F:\project\M10\assaignment-10\mania-course

[info] 
=== Project Setup
[info] 
[info] First, let's associate this project directory with a Firebase project.
[info] You can create multiple project aliases by running firebase use --add, 
[info] but for now we'll just set up a default project.
[info] 
[debug] [2022-10-27T12:15:32.890Z] >>> [apiv2][query] GET https://firebase.googleapis.com/v1beta1/projects pageSize=100
[debug] [2022-10-27T12:15:34.302Z] <<< [apiv2][status] GET https://firebase.googleapis.com/v1beta1/projects 200
[debug] [2022-10-27T12:15:34.303Z] <<< [apiv2][body] GET https://firebase.googleapis.com/v1beta1/projects [omitted]
[info] i  Using project mania-course (MANIA-Course) 
[info] 
=== Hosting Setup
[info] 
[info] Your public directory is the folder (relative to your project directory) that
[info] will contain Hosting assets to be uploaded with firebase deploy. If you
[info] have a build process for your assets, use your build's output directory.
[info] 
[debug] [2022-10-27T12:17:19.187Z] >>> [apiv2][query] GET https://www.gstatic.com/firebasejs/releases.json [none]
[debug] [2022-10-27T12:17:19.548Z] <<< [apiv2][status] GET https://www.gstatic.com/firebasejs/releases.json 200
[debug] [2022-10-27T12:17:19.549Z] <<< [apiv2][body] GET https://www.gstatic.com/firebasejs/releases.json {"current":{"version":"9.12.1","browserURL":"https://www.gstatic.com/firebasejs/9.12.1/firebase.js","packageURL":"https://www.gstatic.com/firebasejs/9.12.1/firebase.tgz"},"live":{"version":"9.12","browserURL":"https://www.gstatic.com/firebasejs/live/9.12/firebase.js","packageURL":"https://www.gstatic.com/firebasejs/live/9.12/firebase.tgz"},"components":{"analytics":"https://www.gstatic.com/firebasejs/9.12.1/firebase-analytics.js","app":"https://www.gstatic.com/firebasejs/9.12.1/firebase-app.js","app-check":"https://www.gstatic.com/firebasejs/9.12.1/firebase-app-check.js","auth":"https://www.gstatic.com/firebasejs/9.12.1/firebase-auth.js","auth/cordova":"https://www.gstatic.com/firebasejs/9.12.1/firebase-auth/cordova.js","auth/react-native":"https://www.gstatic.com/firebasejs/9.12.1/firebase-auth/react-native.js","functions":"https://www.gstatic.com/firebasejs/9.12.1/firebase-functions.js","firestore":"https://www.gstatic.com/firebasejs/9.12.1/firebase-firestore.js","firestore/lite":"https://www.gstatic.com/firebasejs/9.12.1/firebase-firestore/lite.js","installations":"https://www.gstatic.com/firebasejs/9.12.1/firebase-installations.js","storage":"https://www.gstatic.com/firebasejs/9.12.1/firebase-storage.js","performance":"https://www.gstatic.com/firebasejs/9.12.1/firebase-performance.js","remote-config":"https://www.gstatic.com/firebasejs/9.12.1/firebase-remote-config.js","messaging":"https://www.gstatic.com/firebasejs/9.12.1/firebase-messaging.js","messaging/sw":"https://www.gstatic.com/firebasejs/9.12.1/firebase-messaging/sw.js","database":"https://www.gstatic.com/firebasejs/9.12.1/firebase-database.js","firestore.memory":"https://www.gstatic.com/firebasejs/9.12.1/firebase-firestore.memory.js"}}
[info] +  Wrote build/index.html 
[info] 
[info] i  Writing configuration info to firebase.json... 
[info] i  Writing project information to .firebaserc... 
[info] 
[info] +  Firebase initialization complete! 
[debug] [2022-10-27T12:17:29.777Z] Error: Timed out.
    at Timeout._onTimeout (C:\Users\88019\AppData\Roaming\npm\node_modules\firebase-tools\lib\utils.js:253:49)
    at listOnTimeout (node:internal/timers:559:17)
    at processTimers (node:internal/timers:502:7)
[error] 
[error] Error: An unexpected error has occurred.
[debug] [2022-10-27T12:20:15.280Z] ----------------------------------------------------------------------
[debug] [2022-10-27T12:20:15.282Z] Command:       C:\Program Files\nodejs\node.exe C:\Users\88019\AppData\Roaming\npm\node_modules\firebase-tools\lib\bin\firebase.js deploy
[debug] [2022-10-27T12:20:15.283Z] CLI Version:   11.15.0
[debug] [2022-10-27T12:20:15.283Z] Platform:      win32
[debug] [2022-10-27T12:20:15.283Z] Node Version:  v16.16.0
[debug] [2022-10-27T12:20:15.284Z] Time:          Thu Oct 27 2022 18:20:15 GMT+0600 (Bangladesh Standard Time)
[debug] [2022-10-27T12:20:15.284Z] ----------------------------------------------------------------------
[debug] 
[debug] [2022-10-27T12:20:15.366Z] > command requires scopes: ["email","openid","https://www.googleapis.com/auth/cloudplatformprojects.readonly","https://www.googleapis.com/auth/firebase","https://www.googleapis.com/auth/cloud-platform"]
[debug] [2022-10-27T12:20:15.366Z] > authorizing via signed-in user (dulonmolla88@gmail.com)
[debug] [2022-10-27T12:20:15.366Z] [iam] checking project mania-course for permissions ["firebase.projects.get","firebasehosting.sites.update"]
[debug] [2022-10-27T12:20:15.369Z] >>> [apiv2][query] POST https://cloudresourcemanager.googleapis.com/v1/projects/mania-course:testIamPermissions [none]
[debug] [2022-10-27T12:20:15.369Z] >>> [apiv2][(partial)header] POST https://cloudresourcemanager.googleapis.com/v1/projects/mania-course:testIamPermissions x-goog-quota-user=projects/mania-course
[debug] [2022-10-27T12:20:15.370Z] >>> [apiv2][body] POST https://cloudresourcemanager.googleapis.com/v1/projects/mania-course:testIamPermissions {"permissions":["firebase.projects.get","firebasehosting.sites.update"]}
[debug] [2022-10-27T12:20:17.258Z] <<< [apiv2][status] POST https://cloudresourcemanager.googleapis.com/v1/projects/mania-course:testIamPermissions 200
[debug] [2022-10-27T12:20:17.259Z] <<< [apiv2][body] POST https://cloudresourcemanager.googleapis.com/v1/projects/mania-course:testIamPermissions {"permissions":["firebase.projects.get","firebasehosting.sites.update"]}
[debug] [2022-10-27T12:20:17.261Z] >>> [apiv2][query] GET https://firebase.googleapis.com/v1beta1/projects/mania-course [none]
[debug] [2022-10-27T12:20:18.480Z] <<< [apiv2][status] GET https://firebase.googleapis.com/v1beta1/projects/mania-course 200
[debug] [2022-10-27T12:20:18.481Z] <<< [apiv2][body] GET https://firebase.googleapis.com/v1beta1/projects/mania-course {"projectId":"mania-course","projectNumber":"15410048034","displayName":"MANIA-Course","name":"projects/mania-course","resources":{"hostingSite":"mania-course"},"state":"ACTIVE","etag":"1_0f781305-2623-490c-a3ba-2d3a860c5216"}
[info] 
[info] === Deploying to 'mania-course'...
[info] 
[info] i  deploying hosting 
[debug] [2022-10-27T12:20:18.494Z] >>> [apiv2][query] POST https://firebasehosting.googleapis.com/v1beta1/projects/-/sites/mania-course/versions [none]
[debug] [2022-10-27T12:20:18.495Z] >>> [apiv2][body] POST https://firebasehosting.googleapis.com/v1beta1/projects/-/sites/mania-course/versions {"status":"CREATED","labels":{"deployment-tool":"cli-firebase"}}
[debug] [2022-10-27T12:20:21.186Z] <<< [apiv2][status] POST https://firebasehosting.googleapis.com/v1beta1/projects/-/sites/mania-course/versions 200
[debug] [2022-10-27T12:20:21.186Z] <<< [apiv2][body] POST https://firebasehosting.googleapis.com/v1beta1/projects/-/sites/mania-course/versions {"name":"projects/15410048034/sites/mania-course/versions/6490befb33d5d83a","status":"CREATED","config":{},"labels":{"deployment-tool":"cli-firebase"}}
[info] i  hosting[mania-course]: beginning deploy... 
[info] i  hosting[mania-course]: found 14 files in build 
[debug] [2022-10-27T12:20:21.225Z] [hosting] uploading with 200 concurrency
[debug] [2022-10-27T12:20:21.227Z] [hosting] hash cache [YnVpbGQ] not populated
[debug] [2022-10-27T12:20:21.525Z] [hosting] hash cache [YnVpbGQ] stored for 14 files
[debug] [2022-10-27T12:20:21.525Z] [hosting][hash queue][FINAL] {"max":286,"min":16,"avg":39.714285714285715,"active":0,"complete":14,"success":14,"errored":0,"retried":0,"total":14,"elapsed":296}
[debug] [2022-10-27T12:20:21.525Z] >>> [apiv2][query] POST https://firebasehosting.googleapis.com/v1beta1/projects/15410048034/sites/mania-course/versions/6490befb33d5d83a:populateFiles [none]
[debug] [2022-10-27T12:20:21.525Z] >>> [apiv2][body] POST https://firebasehosting.googleapis.com/v1beta1/projects/15410048034/sites/mania-course/versions/6490befb33d5d83a:populateFiles {"files":{"/asset-manifest.json":"ccceb8404e9be0ff849175f15cb2db7034627d0d850a2a220a31cd8ad148ca5b","/index.html":"d5f7b9222b43af33df03d7fb4647c5c14de51236f9257fe8795d473adb4cf0a0","/manifest.json":"a40a4294484385ec155814f7d72caf5967a19f5efcbedf7a62b2cdff07e42711","/robots.txt":"bfe106a3fb878dc83461c86818bf74fc1bdc7f28538ba613cd3e775516ce8b49","/_redirects":"ad9570b21b26001e5954948ea7672fb32b990504c96c3dd8bcf82c48832b1927","/static/css/main.1baac1d9.css":"6056ba803d4a273e3e894f8c8f1fba846a09c4c834ea7342d533d07ae6f5190f","/static/js/787.5d7a14d9.chunk.js":"388ef41e4814fc4dc15e7aed57e1dd8bf18c3a1f672ce17a3841b56975d2fc46","/static/css/main.1baac1d9.css.map":"f0d5315212cb020beefcaf86586bbff3102b46d5770f0b2a2cf49c9846dc9a8a","/static/js/main.3fc49400.js.LICENSE.txt":"f3d94de3dd868a790f5618fd9dc106f2ab2e45151a76a6b2090f0a9c6820c134","/static/js/787.5d7a14d9.chunk.js.map":"9b3bc9a6d56a7760a8d35ec9feaa5efcb70b05594aeb6974c3443104025f41d1","/static/media/Logo.5db3759a9a8b29d171b0.png":"a4906897f0ca721a1c1d9c196f27415a7c667138a0217a5ca720c7e0a0bbe41c","/favicon.ico":"bed7a4c8ab800b9f09b0d4722bf9318b0730b423948cc9d94c9888fb29c45063","/static/js/main.3fc49400.js":"93b27a243e0e8b4cc62b6df67394e8dd738e4c7f9b09874596bfdfd1a2c6fcfc","/static/js/main.3fc49400.js.map":"a569d261bbc862476273ca2d824f2fa680945ebf097f2ec1b74d7cc307d797bc"}}
[debug] [2022-10-27T12:20:23.165Z] <<< [apiv2][status] POST https://firebasehosting.googleapis.com/v1beta1/projects/15410048034/sites/mania-course/versions/6490befb33d5d83a:populateFiles 200
[debug] [2022-10-27T12:20:23.166Z] <<< [apiv2][body] POST https://firebasehosting.googleapis.com/v1beta1/projects/15410048034/sites/mania-course/versions/6490befb33d5d83a:populateFiles {"uploadRequiredHashes":["d5f7b9222b43af33df03d7fb4647c5c14de51236f9257fe8795d473adb4cf0a0","a569d261bbc862476273ca2d824f2fa680945ebf097f2ec1b74d7cc307d797bc","ccceb8404e9be0ff849175f15cb2db7034627d0d850a2a220a31cd8ad148ca5b","bfe106a3fb878dc83461c86818bf74fc1bdc7f28538ba613cd3e775516ce8b49","ad9570b21b26001e5954948ea7672fb32b990504c96c3dd8bcf82c48832b1927","bed7a4c8ab800b9f09b0d4722bf9318b0730b423948cc9d94c9888fb29c45063","9b3bc9a6d56a7760a8d35ec9feaa5efcb70b05594aeb6974c3443104025f41d1","a4906897f0ca721a1c1d9c196f27415a7c667138a0217a5ca720c7e0a0bbe41c","f3d94de3dd868a790f5618fd9dc106f2ab2e45151a76a6b2090f0a9c6820c134","a40a4294484385ec155814f7d72caf5967a19f5efcbedf7a62b2cdff07e42711","93b27a243e0e8b4cc62b6df67394e8dd738e4c7f9b09874596bfdfd1a2c6fcfc","388ef41e4814fc4dc15e7aed57e1dd8bf18c3a1f672ce17a3841b56975d2fc46","f0d5315212cb020beefcaf86586bbff3102b46d5770f0b2a2cf49c9846dc9a8a","6056ba803d4a273e3e894f8c8f1fba846a09c4c834ea7342d533d07ae6f5190f"],"uploadUrl":"https://upload-firebasehosting.googleapis.com/upload/sites/mania-course/versions/6490befb33d5d83a/files"}
[debug] [2022-10-27T12:20:23.177Z] >>> [apiv2][query] POST https://upload-firebasehosting.googleapis.com/upload/sites/mania-course/versions/6490befb33d5d83a/files/d5f7b9222b43af33df03d7fb4647c5c14de51236f9257fe8795d473adb4cf0a0 [none]
[debug] [2022-10-27T12:20:23.177Z] >>> [apiv2][body] POST https://upload-firebasehosting.googleapis.com/upload/sites/mania-course/versions/6490befb33d5d83a/files/d5f7b9222b43af33df03d7fb4647c5c14de51236f9257fe8795d473adb4cf0a0 [stream]
[debug] [2022-10-27T12:20:23.181Z] >>> [apiv2][query] POST https://upload-firebasehosting.googleapis.com/upload/sites/mania-course/versions/6490befb33d5d83a/files/a569d261bbc862476273ca2d824f2fa680945ebf097f2ec1b74d7cc307d797bc [none]
[debug] [2022-10-27T12:20:23.181Z] >>> [apiv2][body] POST https://upload-firebasehosting.googleapis.com/upload/sites/mania-course/versions/6490befb33d5d83a/files/a569d261bbc862476273ca2d824f2fa680945ebf097f2ec1b74d7cc307d797bc [stream]
[debug] [2022-10-27T12:20:23.185Z] >>> [apiv2][query] POST https://upload-firebasehosting.googleapis.com/upload/sites/mania-course/versions/6490befb33d5d83a/files/ccceb8404e9be0ff849175f15cb2db7034627d0d850a2a220a31cd8ad148ca5b [none]
[debug] [2022-10-27T12:20:23.185Z] >>> [apiv2][body] POST https://upload-firebasehosting.googleapis.com/upload/sites/mania-course/versions/6490befb33d5d83a/files/ccceb8404e9be0ff849175f15cb2db7034627d0d850a2a220a31cd8ad148ca5b [stream]
[debug] [2022-10-27T12:20:23.186Z] >>> [apiv2][query] POST https://upload-firebasehosting.googleapis.com/upload/sites/mania-course/versions/6490befb33d5d83a/files/bfe106a3fb878dc83461c86818bf74fc1bdc7f28538ba613cd3e775516ce8b49 [none]
[debug] [2022-10-27T12:20:23.187Z] >>> [apiv2][body] POST https://upload-firebasehosting.googleapis.com/upload/sites/mania-course/versions/6490befb33d5d83a/files/bfe106a3fb878dc83461c86818bf74fc1bdc7f28538ba613cd3e775516ce8b49 [stream]
[debug] [2022-10-27T12:20:23.188Z] >>> [apiv2][query] POST https://upload-firebasehosting.googleapis.com/upload/sites/mania-course/versions/6490befb33d5d83a/files/ad9570b21b26001e5954948ea7672fb32b990504c96c3dd8bcf82c48832b1927 [none]
[debug] [2022-10-27T12:20:23.188Z] >>> [apiv2][body] POST https://upload-firebasehosting.googleapis.com/upload/sites/mania-course/versions/6490befb33d5d83a/files/ad9570b21b26001e5954948ea7672fb32b990504c96c3dd8bcf82c48832b1927 [stream]
[debug] [2022-10-27T12:20:23.190Z] >>> [apiv2][query] POST https://upload-firebasehosting.googleapis.com/upload/sites/mania-course/versions/6490befb33d5d83a/files/bed7a4c8ab800b9f09b0d4722bf9318b0730b423948cc9d94c9888fb29c45063 [none]
[debug] [2022-10-27T12:20:23.190Z] >>> [apiv2][body] POST https://upload-firebasehosting.googleapis.com/upload/sites/mania-course/versions/6490befb33d5d83a/files/bed7a4c8ab800b9f09b0d4722bf9318b0730b423948cc9d94c9888fb29c45063 [stream]
[debug] [2022-10-27T12:20:23.192Z] >>> [apiv2][query] POST https://upload-firebasehosting.googleapis.com/upload/sites/mania-course/versions/6490befb33d5d83a/files/9b3bc9a6d56a7760a8d35ec9feaa5efcb70b05594aeb6974c3443104025f41d1 [none]
[debug] [2022-10-27T12:20:23.192Z] >>> [apiv2][body] POST https://upload-firebasehosting.googleapis.com/upload/sites/mania-course/versions/6490befb33d5d83a/files/9b3bc9a6d56a7760a8d35ec9feaa5efcb70b05594aeb6974c3443104025f41d1 [stream]
[debug] [2022-10-27T12:20:23.193Z] >>> [apiv2][query] POST https://upload-firebasehosting.googleapis.com/upload/sites/mania-course/versions/6490befb33d5d83a/files/a4906897f0ca721a1c1d9c196f27415a7c667138a0217a5ca720c7e0a0bbe41c [none]
[debug] [2022-10-27T12:20:23.193Z] >>> [apiv2][body] POST https://upload-firebasehosting.googleapis.com/upload/sites/mania-course/versions/6490befb33d5d83a/files/a4906897f0ca721a1c1d9c196f27415a7c667138a0217a5ca720c7e0a0bbe41c [stream]
[debug] [2022-10-27T12:20:23.195Z] >>> [apiv2][query] POST https://upload-firebasehosting.googleapis.com/upload/sites/mania-course/versions/6490befb33d5d83a/files/f3d94de3dd868a790f5618fd9dc106f2ab2e45151a76a6b2090f0a9c6820c134 [none]
[debug] [2022-10-27T12:20:23.195Z] >>> [apiv2][body] POST https://upload-firebasehosting.googleapis.com/upload/sites/mania-course/versions/6490befb33d5d83a/files/f3d94de3dd868a790f5618fd9dc106f2ab2e45151a76a6b2090f0a9c6820c134 [stream]
[debug] [2022-10-27T12:20:23.196Z] >>> [apiv2][query] POST https://upload-firebasehosting.googleapis.com/upload/sites/mania-course/versions/6490befb33d5d83a/files/a40a4294484385ec155814f7d72caf5967a19f5efcbedf7a62b2cdff07e42711 [none]
[debug] [2022-10-27T12:20:23.197Z] >>> [apiv2][body] POST https://upload-firebasehosting.googleapis.com/upload/sites/mania-course/versions/6490befb33d5d83a/files/a40a4294484385ec155814f7d72caf5967a19f5efcbedf7a62b2cdff07e42711 [stream]
[debug] [2022-10-27T12:20:23.198Z] >>> [apiv2][query] POST https://upload-firebasehosting.googleapis.com/upload/sites/mania-course/versions/6490befb33d5d83a/files/93b27a243e0e8b4cc62b6df67394e8dd738e4c7f9b09874596bfdfd1a2c6fcfc [none]
[debug] [2022-10-27T12:20:23.198Z] >>> [apiv2][body] POST https://upload-firebasehosting.googleapis.com/upload/sites/mania-course/versions/6490befb33d5d83a/files/93b27a243e0e8b4cc62b6df67394e8dd738e4c7f9b09874596bfdfd1a2c6fcfc [stream]
[debug] [2022-10-27T12:20:23.200Z] >>> [apiv2][query] POST https://upload-firebasehosting.googleapis.com/upload/sites/mania-course/versions/6490befb33d5d83a/files/388ef41e4814fc4dc15e7aed57e1dd8bf18c3a1f672ce17a3841b56975d2fc46 [none]
[debug] [2022-10-27T12:20:23.200Z] >>> [apiv2][body] POST https://upload-firebasehosting.googleapis.com/upload/sites/mania-course/versions/6490befb33d5d83a/files/388ef41e4814fc4dc15e7aed57e1dd8bf18c3a1f672ce17a3841b56975d2fc46 [stream]
[debug] [2022-10-27T12:20:23.201Z] >>> [apiv2][query] POST https://upload-firebasehosting.googleapis.com/upload/sites/mania-course/versions/6490befb33d5d83a/files/f0d5315212cb020beefcaf86586bbff3102b46d5770f0b2a2cf49c9846dc9a8a [none]
[debug] [2022-10-27T12:20:23.201Z] >>> [apiv2][body] POST https://upload-firebasehosting.googleapis.com/upload/sites/mania-course/versions/6490befb33d5d83a/files/f0d5315212cb020beefcaf86586bbff3102b46d5770f0b2a2cf49c9846dc9a8a [stream]
[debug] [2022-10-27T12:20:23.202Z] >>> [apiv2][query] POST https://upload-firebasehosting.googleapis.com/upload/sites/mania-course/versions/6490befb33d5d83a/files/6056ba803d4a273e3e894f8c8f1fba846a09c4c834ea7342d533d07ae6f5190f [none]
[debug] [2022-10-27T12:20:23.202Z] >>> [apiv2][body] POST https://upload-firebasehosting.googleapis.com/upload/sites/mania-course/versions/6490befb33d5d83a/files/6056ba803d4a273e3e894f8c8f1fba846a09c4c834ea7342d533d07ae6f5190f [stream]
[debug] [2022-10-27T12:20:23.204Z] [hosting][populate queue][FINAL] {"max":1654,"min":1654,"avg":1654,"active":0,"complete":1,"success":1,"errored":0,"retried":0,"total":1,"elapsed":1681}
[debug] [2022-10-27T12:20:23.204Z] [hosting] uploads queued: 14
[debug] [2022-10-27T12:20:24.790Z] <<< [apiv2][status] POST https://upload-firebasehosting.googleapis.com/upload/sites/mania-course/versions/6490befb33d5d83a/files/a40a4294484385ec155814f7d72caf5967a19f5efcbedf7a62b2cdff07e42711 200
[debug] [2022-10-27T12:20:24.791Z] <<< [apiv2][body] POST https://upload-firebasehosting.googleapis.com/upload/sites/mania-course/versions/6490befb33d5d83a/files/a40a4294484385ec155814f7d72caf5967a19f5efcbedf7a62b2cdff07e42711 [stream]
[debug] [2022-10-27T12:20:24.810Z] <<< [apiv2][status] POST https://upload-firebasehosting.googleapis.com/upload/sites/mania-course/versions/6490befb33d5d83a/files/bfe106a3fb878dc83461c86818bf74fc1bdc7f28538ba613cd3e775516ce8b49 200
[debug] [2022-10-27T12:20:24.810Z] <<< [apiv2][body] POST https://upload-firebasehosting.googleapis.com/upload/sites/mania-course/versions/6490befb33d5d83a/files/bfe106a3fb878dc83461c86818bf74fc1bdc7f28538ba613cd3e775516ce8b49 [stream]
[debug] [2022-10-27T12:20:24.811Z] <<< [apiv2][status] POST https://upload-firebasehosting.googleapis.com/upload/sites/mania-course/versions/6490befb33d5d83a/files/f3d94de3dd868a790f5618fd9dc106f2ab2e45151a76a6b2090f0a9c6820c134 200
[debug] [2022-10-27T12:20:24.811Z] <<< [apiv2][body] POST https://upload-firebasehosting.googleapis.com/upload/sites/mania-course/versions/6490befb33d5d83a/files/f3d94de3dd868a790f5618fd9dc106f2ab2e45151a76a6b2090f0a9c6820c134 [stream]
[debug] [2022-10-27T12:20:24.952Z] <<< [apiv2][status] POST https://upload-firebasehosting.googleapis.com/upload/sites/mania-course/versions/6490befb33d5d83a/files/9b3bc9a6d56a7760a8d35ec9feaa5efcb70b05594aeb6974c3443104025f41d1 200
[debug] [2022-10-27T12:20:24.952Z] <<< [apiv2][body] POST https://upload-firebasehosting.googleapis.com/upload/sites/mania-course/versions/6490befb33d5d83a/files/9b3bc9a6d56a7760a8d35ec9feaa5efcb70b05594aeb6974c3443104025f41d1 [stream]
[debug] [2022-10-27T12:20:24.998Z] <<< [apiv2][status] POST https://upload-firebasehosting.googleapis.com/upload/sites/mania-course/versions/6490befb33d5d83a/files/388ef41e4814fc4dc15e7aed57e1dd8bf18c3a1f672ce17a3841b56975d2fc46 200
[debug] [2022-10-27T12:20:24.998Z] <<< [apiv2][body] POST https://upload-firebasehosting.googleapis.com/upload/sites/mania-course/versions/6490befb33d5d83a/files/388ef41e4814fc4dc15e7aed57e1dd8bf18c3a1f672ce17a3841b56975d2fc46 [stream]
[debug] [2022-10-27T12:20:25.061Z] <<< [apiv2][status] POST https://upload-firebasehosting.googleapis.com/upload/sites/mania-course/versions/6490befb33d5d83a/files/a4906897f0ca721a1c1d9c196f27415a7c667138a0217a5ca720c7e0a0bbe41c 200
[debug] [2022-10-27T12:20:25.061Z] <<< [apiv2][body] POST https://upload-firebasehosting.googleapis.com/upload/sites/mania-course/versions/6490befb33d5d83a/files/a4906897f0ca721a1c1d9c196f27415a7c667138a0217a5ca720c7e0a0bbe41c [stream]
[debug] [2022-10-27T12:20:25.136Z] <<< [apiv2][status] POST https://upload-firebasehosting.googleapis.com/upload/sites/mania-course/versions/6490befb33d5d83a/files/d5f7b9222b43af33df03d7fb4647c5c14de51236f9257fe8795d473adb4cf0a0 200
[debug] [2022-10-27T12:20:25.137Z] <<< [apiv2][body] POST https://upload-firebasehosting.googleapis.com/upload/sites/mania-course/versions/6490befb33d5d83a/files/d5f7b9222b43af33df03d7fb4647c5c14de51236f9257fe8795d473adb4cf0a0 [stream]
[debug] [2022-10-27T12:20:25.253Z] <<< [apiv2][status] POST https://upload-firebasehosting.googleapis.com/upload/sites/mania-course/versions/6490befb33d5d83a/files/93b27a243e0e8b4cc62b6df67394e8dd738e4c7f9b09874596bfdfd1a2c6fcfc 200
[debug] [2022-10-27T12:20:25.253Z] <<< [apiv2][body] POST https://upload-firebasehosting.googleapis.com/upload/sites/mania-course/versions/6490befb33d5d83a/files/93b27a243e0e8b4cc62b6df67394e8dd738e4c7f9b09874596bfdfd1a2c6fcfc [stream]
[debug] [2022-10-27T12:20:25.321Z] <<< [apiv2][status] POST https://upload-firebasehosting.googleapis.com/upload/sites/mania-course/versions/6490befb33d5d83a/files/a569d261bbc862476273ca2d824f2fa680945ebf097f2ec1b74d7cc307d797bc 200
[debug] [2022-10-27T12:20:25.321Z] <<< [apiv2][body] POST https://upload-firebasehosting.googleapis.com/upload/sites/mania-course/versions/6490befb33d5d83a/files/a569d261bbc862476273ca2d824f2fa680945ebf097f2ec1b74d7cc307d797bc [stream]
[debug] [2022-10-27T12:20:25.432Z] <<< [apiv2][status] POST https://upload-firebasehosting.googleapis.com/upload/sites/mania-course/versions/6490befb33d5d83a/files/ad9570b21b26001e5954948ea7672fb32b990504c96c3dd8bcf82c48832b1927 200
[debug] [2022-10-27T12:20:25.433Z] <<< [apiv2][body] POST https://upload-firebasehosting.googleapis.com/upload/sites/mania-course/versions/6490befb33d5d83a/files/ad9570b21b26001e5954948ea7672fb32b990504c96c3dd8bcf82c48832b1927 [stream]
[debug] [2022-10-27T12:20:25.639Z] <<< [apiv2][status] POST https://upload-firebasehosting.googleapis.com/upload/sites/mania-course/versions/6490befb33d5d83a/files/f0d5315212cb020beefcaf86586bbff3102b46d5770f0b2a2cf49c9846dc9a8a 200
[debug] [2022-10-27T12:20:25.639Z] <<< [apiv2][body] POST https://upload-firebasehosting.googleapis.com/upload/sites/mania-course/versions/6490befb33d5d83a/files/f0d5315212cb020beefcaf86586bbff3102b46d5770f0b2a2cf49c9846dc9a8a [stream]
[debug] [2022-10-27T12:20:25.792Z] <<< [apiv2][status] POST https://upload-firebasehosting.googleapis.com/upload/sites/mania-course/versions/6490befb33d5d83a/files/bed7a4c8ab800b9f09b0d4722bf9318b0730b423948cc9d94c9888fb29c45063 200
[debug] [2022-10-27T12:20:25.792Z] <<< [apiv2][body] POST https://upload-firebasehosting.googleapis.com/upload/sites/mania-course/versions/6490befb33d5d83a/files/bed7a4c8ab800b9f09b0d4722bf9318b0730b423948cc9d94c9888fb29c45063 [stream]
[debug] [2022-10-27T12:20:26.308Z] <<< [apiv2][status] POST https://upload-firebasehosting.googleapis.com/upload/sites/mania-course/versions/6490befb33d5d83a/files/6056ba803d4a273e3e894f8c8f1fba846a09c4c834ea7342d533d07ae6f5190f 200
[debug] [2022-10-27T12:20:26.308Z] <<< [apiv2][body] POST https://upload-firebasehosting.googleapis.com/upload/sites/mania-course/versions/6490befb33d5d83a/files/6056ba803d4a273e3e894f8c8f1fba846a09c4c834ea7342d533d07ae6f5190f [stream]
[debug] [2022-10-27T12:20:26.720Z] <<< [apiv2][status] POST https://upload-firebasehosting.googleapis.com/upload/sites/mania-course/versions/6490befb33d5d83a/files/ccceb8404e9be0ff849175f15cb2db7034627d0d850a2a220a31cd8ad148ca5b 200
[debug] [2022-10-27T12:20:26.721Z] <<< [apiv2][body] POST https://upload-firebasehosting.googleapis.com/upload/sites/mania-course/versions/6490befb33d5d83a/files/ccceb8404e9be0ff849175f15cb2db7034627d0d850a2a220a31cd8ad148ca5b [stream]
[debug] [2022-10-27T12:20:26.721Z] [hosting][upload queue][FINAL] {"max":3552,"min":1617,"avg":2187.785714285714,"active":0,"complete":14,"success":14,"errored":0,"retried":0,"total":14,"elapsed":3554}
[info] +  hosting[mania-course]: file upload complete 
[debug] [2022-10-27T12:20:26.725Z] [hosting] deploy completed after 5533ms
[debug] [2022-10-27T12:20:26.744Z] [
  {
    "config": {
      "public": "build",
      "ignore": [
        "firebase.json",
        "**/.*",
        "**/node_modules/**"
      ],
      "rewrites": [
        {
          "source": "**",
          "destination": "/index.html"
        }
      ],
      "site": "mania-course"
    },
    "version": "projects/15410048034/sites/mania-course/versions/6490befb33d5d83a"
  }
]
[info] i  hosting[mania-course]: finalizing version... 
[debug] [2022-10-27T12:20:26.751Z] >>> [apiv2][query] PATCH https://firebasehosting.googleapis.com/v1beta1/projects/-/sites/mania-course/versions/6490befb33d5d83a updateMask=status%2Cconfig
[debug] [2022-10-27T12:20:26.752Z] >>> [apiv2][body] PATCH https://firebasehosting.googleapis.com/v1beta1/projects/-/sites/mania-course/versions/6490befb33d5d83a {"status":"FINALIZED","config":{"rewrites":[{"glob":"**","path":"/index.html"}]}}
[debug] [2022-10-27T12:20:28.415Z] <<< [apiv2][status] PATCH https://firebasehosting.googleapis.com/v1beta1/projects/-/sites/mania-course/versions/6490befb33d5d83a 200
[debug] [2022-10-27T12:20:28.416Z] <<< [apiv2][body] PATCH https://firebasehosting.googleapis.com/v1beta1/projects/-/sites/mania-course/versions/6490befb33d5d83a {"name":"projects/15410048034/sites/mania-course/versions/6490befb33d5d83a","status":"FINALIZED","config":{"rewrites":[{"glob":"**","path":"/index.html"}]},"labels":{"deployment-tool":"cli-firebase"},"createTime":"2022-10-27T12:20:21.857738Z","createUser":{"email":"Dulonmolla88@gmail.com"},"finalizeTime":"2022-10-27T12:20:30.296577Z","finalizeUser":{"email":"Dulonmolla88@gmail.com"}}
[debug] [2022-10-27T12:20:28.416Z] [hosting] finalized version for mania-course:[object Object]
[info] +  hosting[mania-course]: version finalized 
[info] i  hosting[mania-course]: releasing new version... 
[debug] [2022-10-27T12:20:28.419Z] >>> [apiv2][query] POST https://firebasehosting.googleapis.com/v1beta1/projects/-/sites/mania-course/channels/live/releases versionName=projects%2F15410048034%2Fsites%2Fmania-course%2Fversions%2F6490befb33d5d83a
[debug] [2022-10-27T12:20:28.420Z] >>> [apiv2][body] POST https://firebasehosting.googleapis.com/v1beta1/projects/-/sites/mania-course/channels/live/releases {}
[debug] [2022-10-27T12:20:30.022Z] <<< [apiv2][status] POST https://firebasehosting.googleapis.com/v1beta1/projects/-/sites/mania-course/channels/live/releases 200
[debug] [2022-10-27T12:20:30.023Z] <<< [apiv2][body] POST https://firebasehosting.googleapis.com/v1beta1/projects/-/sites/mania-course/channels/live/releases {"name":"projects/15410048034/sites/mania-course/channels/live/releases/1666873231113825","version":{"name":"projects/15410048034/sites/mania-course/versions/6490befb33d5d83a","status":"FINALIZED","config":{"rewrites":[{"glob":"**","path":"/index.html"}]},"labels":{"deployment-tool":"cli-firebase"},"createTime":"2022-10-27T12:20:21.857738Z","createUser":{"email":"Dulonmolla88@gmail.com","imageUrl":"https://lh3.googleusercontent.com/a/ALm5wu3xdL2FiiHdbYJhA1i9sGIyD_6WZfSEjG8Fwtjubg"},"finalizeTime":"2022-10-27T12:20:30.296577Z","finalizeUser":{"email":"Dulonmolla88@gmail.com","imageUrl":"https://lh3.googleusercontent.com/a/ALm5wu3xdL2FiiHdbYJhA1i9sGIyD_6WZfSEjG8Fwtjubg"}},"type":"DEPLOY","releaseTime":"2022-10-27T12:20:31.113825842Z","releaseUser":{"email":"Dulonmolla88@gmail.com","imageUrl":"https://lh3.googleusercontent.com/a/ALm5wu3xdL2FiiHdbYJhA1i9sGIyD_6WZfSEjG8Fwtjubg"}}
[debug] [2022-10-27T12:20:30.023Z] [hosting] release: {"name":"projects/15410048034/sites/mania-course/channels/live/releases/1666873231113825","version":{"name":"projects/15410048034/sites/mania-course/versions/6490befb33d5d83a","status":"FINALIZED","config":{"rewrites":[{"glob":"**","path":"/index.html"}]},"labels":{"deployment-tool":"cli-firebase"},"createTime":"2022-10-27T12:20:21.857738Z","createUser":{"email":"Dulonmolla88@gmail.com","imageUrl":"https://lh3.googleusercontent.com/a/ALm5wu3xdL2FiiHdbYJhA1i9sGIyD_6WZfSEjG8Fwtjubg"},"finalizeTime":"2022-10-27T12:20:30.296577Z","finalizeUser":{"email":"Dulonmolla88@gmail.com","imageUrl":"https://lh3.googleusercontent.com/a/ALm5wu3xdL2FiiHdbYJhA1i9sGIyD_6WZfSEjG8Fwtjubg"}},"type":"DEPLOY","releaseTime":"2022-10-27T12:20:31.113825842Z","releaseUser":{"email":"Dulonmolla88@gmail.com","imageUrl":"https://lh3.googleusercontent.com/a/ALm5wu3xdL2FiiHdbYJhA1i9sGIyD_6WZfSEjG8Fwtjubg"}}
[info] +  hosting[mania-course]: release complete 
[info] 
[info] +  Deploy complete! 
[info] 
[info] Project Console: https://console.firebase.google.com/project/mania-course/overview
[info] Hosting URL: https://mania-course.web.app
[debug] [2022-10-27T12:20:47.885Z] Error: Timed out.
    at Timeout._onTimeout (C:\Users\88019\AppData\Roaming\npm\node_modules\firebase-tools\lib\utils.js:253:49)
    at listOnTimeout (node:internal/timers:559:17)
    at processTimers (node:internal/timers:502:7)
[error] 
[error] Error: An unexpected error has occurred.
[debug] [2022-10-27T13:03:23.249Z] ----------------------------------------------------------------------
[debug] [2022-10-27T13:03:23.253Z] Command:       C:\Program Files\nodejs\node.exe C:\Users\88019\AppData\Roaming\npm\node_modules\firebase-tools\lib\bin\firebase.js deploy
[debug] [2022-10-27T13:03:23.254Z] CLI Version:   11.15.0
[debug] [2022-10-27T13:03:23.255Z] Platform:      win32
[debug] [2022-10-27T13:03:23.255Z] Node Version:  v16.16.0
[debug] [2022-10-27T13:03:23.384Z] Time:          Thu Oct 27 2022 19:03:23 GMT+0600 (Bangladesh Standard Time)
[debug] [2022-10-27T13:03:23.385Z] ----------------------------------------------------------------------
[debug] 
[debug] [2022-10-27T13:03:23.504Z] > command requires scopes: ["email","openid","https://www.googleapis.com/auth/cloudplatformprojects.readonly","https://www.googleapis.com/auth/firebase","https://www.googleapis.com/auth/cloud-platform"]
[debug] [2022-10-27T13:03:23.505Z] > authorizing via signed-in user (dulonmolla88@gmail.com)
[debug] [2022-10-27T13:03:23.505Z] [iam] checking project mania-course for permissions ["firebase.projects.get","firebasehosting.sites.update"]
[debug] [2022-10-27T13:03:23.507Z] > refreshing access token with scopes: []
[debug] [2022-10-27T13:03:23.509Z] >>> [apiv2][query] POST https://www.googleapis.com/oauth2/v3/token [none]
[debug] [2022-10-27T13:03:23.509Z] >>> [apiv2][body] POST https://www.googleapis.com/oauth2/v3/token [omitted]
[debug] [2022-10-27T13:03:24.638Z] <<< [apiv2][status] POST https://www.googleapis.com/oauth2/v3/token 200
[debug] [2022-10-27T13:03:24.639Z] <<< [apiv2][body] POST https://www.googleapis.com/oauth2/v3/token [omitted]
[debug] [2022-10-27T13:03:24.781Z] >>> [apiv2][query] POST https://cloudresourcemanager.googleapis.com/v1/projects/mania-course:testIamPermissions [none]
[debug] [2022-10-27T13:03:24.782Z] >>> [apiv2][(partial)header] POST https://cloudresourcemanager.googleapis.com/v1/projects/mania-course:testIamPermissions x-goog-quota-user=projects/mania-course
[debug] [2022-10-27T13:03:24.783Z] >>> [apiv2][body] POST https://cloudresourcemanager.googleapis.com/v1/projects/mania-course:testIamPermissions {"permissions":["firebase.projects.get","firebasehosting.sites.update"]}
[debug] [2022-10-27T13:03:26.622Z] <<< [apiv2][status] POST https://cloudresourcemanager.googleapis.com/v1/projects/mania-course:testIamPermissions 200
[debug] [2022-10-27T13:03:26.622Z] <<< [apiv2][body] POST https://cloudresourcemanager.googleapis.com/v1/projects/mania-course:testIamPermissions {"permissions":["firebase.projects.get","firebasehosting.sites.update"]}
[debug] [2022-10-27T13:03:26.626Z] >>> [apiv2][query] GET https://firebase.googleapis.com/v1beta1/projects/mania-course [none]
[debug] [2022-10-27T13:03:27.527Z] <<< [apiv2][status] GET https://firebase.googleapis.com/v1beta1/projects/mania-course 200
[debug] [2022-10-27T13:03:27.528Z] <<< [apiv2][body] GET https://firebase.googleapis.com/v1beta1/projects/mania-course {"projectId":"mania-course","projectNumber":"15410048034","displayName":"MANIA-Course","name":"projects/mania-course","resources":{"hostingSite":"mania-course"},"state":"ACTIVE","etag":"1_6829a24f-79ce-4c33-93a5-de17221f65e2"}
[info] 
[info] === Deploying to 'mania-course'...
[info] 
[info] i  deploying hosting 
[debug] [2022-10-27T13:03:27.542Z] >>> [apiv2][query] POST https://firebasehosting.googleapis.com/v1beta1/projects/-/sites/mania-course/versions [none]
[debug] [2022-10-27T13:03:27.543Z] >>> [apiv2][body] POST https://firebasehosting.googleapis.com/v1beta1/projects/-/sites/mania-course/versions {"status":"CREATED","labels":{"deployment-tool":"cli-firebase"}}
[debug] [2022-10-27T13:03:29.409Z] <<< [apiv2][status] POST https://firebasehosting.googleapis.com/v1beta1/projects/-/sites/mania-course/versions 200
[debug] [2022-10-27T13:03:29.409Z] <<< [apiv2][body] POST https://firebasehosting.googleapis.com/v1beta1/projects/-/sites/mania-course/versions {"name":"projects/15410048034/sites/mania-course/versions/6e387f6bf2f09f5f","status":"CREATED","config":{},"labels":{"deployment-tool":"cli-firebase"}}
[info] i  hosting[mania-course]: beginning deploy... 
[info] i  hosting[mania-course]: found 14 files in build 
[debug] [2022-10-27T13:03:29.433Z] [hosting] uploading with 200 concurrency
[debug] [2022-10-27T13:03:29.878Z] [hosting] hash cache [YnVpbGQ] stored for 14 files
[debug] [2022-10-27T13:03:29.878Z] [hosting][hash queue][FINAL] {"max":429,"min":3,"avg":62.857142857142854,"active":0,"complete":14,"success":14,"errored":0,"retried":0,"total":14,"elapsed":441}
[debug] [2022-10-27T13:03:29.879Z] >>> [apiv2][query] POST https://firebasehosting.googleapis.com/v1beta1/projects/15410048034/sites/mania-course/versions/6e387f6bf2f09f5f:populateFiles [none]
[debug] [2022-10-27T13:03:29.879Z] >>> [apiv2][body] POST https://firebasehosting.googleapis.com/v1beta1/projects/15410048034/sites/mania-course/versions/6e387f6bf2f09f5f:populateFiles {"files":{"/favicon.ico":"bed7a4c8ab800b9f09b0d4722bf9318b0730b423948cc9d94c9888fb29c45063","/manifest.json":"a40a4294484385ec155814f7d72caf5967a19f5efcbedf7a62b2cdff07e42711","/robots.txt":"bfe106a3fb878dc83461c86818bf74fc1bdc7f28538ba613cd3e775516ce8b49","/_redirects":"ad9570b21b26001e5954948ea7672fb32b990504c96c3dd8bcf82c48832b1927","/asset-manifest.json":"19192f322386efb5f4c422c54fbf7c23dc389a4181fe765b51892fafc296a927","/index.html":"d4c15e654d6cdddd5074491ccd958e812a62421a7ec0c12b283a3835ef5c56ce","/static/css/main.1baac1d9.css":"6056ba803d4a273e3e894f8c8f1fba846a09c4c834ea7342d533d07ae6f5190f","/static/js/787.5d7a14d9.chunk.js":"388ef41e4814fc4dc15e7aed57e1dd8bf18c3a1f672ce17a3841b56975d2fc46","/static/js/787.5d7a14d9.chunk.js.map":"9b3bc9a6d56a7760a8d35ec9feaa5efcb70b05594aeb6974c3443104025f41d1","/static/js/main.208ee77c.js.LICENSE.txt":"f3d94de3dd868a790f5618fd9dc106f2ab2e45151a76a6b2090f0a9c6820c134","/static/css/main.1baac1d9.css.map":"f0d5315212cb020beefcaf86586bbff3102b46d5770f0b2a2cf49c9846dc9a8a","/static/media/Logo.5db3759a9a8b29d171b0.png":"a4906897f0ca721a1c1d9c196f27415a7c667138a0217a5ca720c7e0a0bbe41c","/static/js/main.208ee77c.js":"d2090424f9604f63617cc25f2a4063fe74a8986c96e1159f81ff7b9f50a23a4b","/static/js/main.208ee77c.js.map":"3af65ebcf03e3e72be3e4a33e4f6ba97dd9cce6ba20575e85485524fadd87168"}}
[debug] [2022-10-27T13:03:31.520Z] <<< [apiv2][status] POST https://firebasehosting.googleapis.com/v1beta1/projects/15410048034/sites/mania-course/versions/6e387f6bf2f09f5f:populateFiles 200
[debug] [2022-10-27T13:03:31.521Z] <<< [apiv2][body] POST https://firebasehosting.googleapis.com/v1beta1/projects/15410048034/sites/mania-course/versions/6e387f6bf2f09f5f:populateFiles {"uploadRequiredHashes":["d4c15e654d6cdddd5074491ccd958e812a62421a7ec0c12b283a3835ef5c56ce","d2090424f9604f63617cc25f2a4063fe74a8986c96e1159f81ff7b9f50a23a4b","3af65ebcf03e3e72be3e4a33e4f6ba97dd9cce6ba20575e85485524fadd87168","19192f322386efb5f4c422c54fbf7c23dc389a4181fe765b51892fafc296a927"],"uploadUrl":"https://upload-firebasehosting.googleapis.com/upload/sites/mania-course/versions/6e387f6bf2f09f5f/files"}
[debug] [2022-10-27T13:03:31.525Z] >>> [apiv2][query] POST https://upload-firebasehosting.googleapis.com/upload/sites/mania-course/versions/6e387f6bf2f09f5f/files/d4c15e654d6cdddd5074491ccd958e812a62421a7ec0c12b283a3835ef5c56ce [none]
[debug] [2022-10-27T13:03:31.525Z] >>> [apiv2][body] POST https://upload-firebasehosting.googleapis.com/upload/sites/mania-course/versions/6e387f6bf2f09f5f/files/d4c15e654d6cdddd5074491ccd958e812a62421a7ec0c12b283a3835ef5c56ce [stream]
[debug] [2022-10-27T13:03:31.529Z] >>> [apiv2][query] POST https://upload-firebasehosting.googleapis.com/upload/sites/mania-course/versions/6e387f6bf2f09f5f/files/d2090424f9604f63617cc25f2a4063fe74a8986c96e1159f81ff7b9f50a23a4b [none]
[debug] [2022-10-27T13:03:31.530Z] >>> [apiv2][body] POST https://upload-firebasehosting.googleapis.com/upload/sites/mania-course/versions/6e387f6bf2f09f5f/files/d2090424f9604f63617cc25f2a4063fe74a8986c96e1159f81ff7b9f50a23a4b [stream]
[debug] [2022-10-27T13:03:31.532Z] >>> [apiv2][query] POST https://upload-firebasehosting.googleapis.com/upload/sites/mania-course/versions/6e387f6bf2f09f5f/files/3af65ebcf03e3e72be3e4a33e4f6ba97dd9cce6ba20575e85485524fadd87168 [none]
[debug] [2022-10-27T13:03:31.533Z] >>> [apiv2][body] POST https://upload-firebasehosting.googleapis.com/upload/sites/mania-course/versions/6e387f6bf2f09f5f/files/3af65ebcf03e3e72be3e4a33e4f6ba97dd9cce6ba20575e85485524fadd87168 [stream]
[debug] [2022-10-27T13:03:31.536Z] >>> [apiv2][query] POST https://upload-firebasehosting.googleapis.com/upload/sites/mania-course/versions/6e387f6bf2f09f5f/files/19192f322386efb5f4c422c54fbf7c23dc389a4181fe765b51892fafc296a927 [none]
[debug] [2022-10-27T13:03:31.536Z] >>> [apiv2][body] POST https://upload-firebasehosting.googleapis.com/upload/sites/mania-course/versions/6e387f6bf2f09f5f/files/19192f322386efb5f4c422c54fbf7c23dc389a4181fe765b51892fafc296a927 [stream]
[debug] [2022-10-27T13:03:31.540Z] [hosting][populate queue][FINAL] {"max":1648,"min":1648,"avg":1648,"active":0,"complete":1,"success":1,"errored":0,"retried":0,"total":1,"elapsed":1664}
[debug] [2022-10-27T13:03:31.540Z] [hosting] uploads queued: 4
[debug] [2022-10-27T13:03:33.555Z] <<< [apiv2][status] POST https://upload-firebasehosting.googleapis.com/upload/sites/mania-course/versions/6e387f6bf2f09f5f/files/19192f322386efb5f4c422c54fbf7c23dc389a4181fe765b51892fafc296a927 200
[debug] [2022-10-27T13:03:33.555Z] <<< [apiv2][body] POST https://upload-firebasehosting.googleapis.com/upload/sites/mania-course/versions/6e387f6bf2f09f5f/files/19192f322386efb5f4c422c54fbf7c23dc389a4181fe765b51892fafc296a927 [stream]
[debug] [2022-10-27T13:03:33.709Z] <<< [apiv2][status] POST https://upload-firebasehosting.googleapis.com/upload/sites/mania-course/versions/6e387f6bf2f09f5f/files/d2090424f9604f63617cc25f2a4063fe74a8986c96e1159f81ff7b9f50a23a4b 200
[debug] [2022-10-27T13:03:33.710Z] <<< [apiv2][body] POST https://upload-firebasehosting.googleapis.com/upload/sites/mania-course/versions/6e387f6bf2f09f5f/files/d2090424f9604f63617cc25f2a4063fe74a8986c96e1159f81ff7b9f50a23a4b [stream]
[debug] [2022-10-27T13:03:34.723Z] <<< [apiv2][status] POST https://upload-firebasehosting.googleapis.com/upload/sites/mania-course/versions/6e387f6bf2f09f5f/files/d4c15e654d6cdddd5074491ccd958e812a62421a7ec0c12b283a3835ef5c56ce 200
[debug] [2022-10-27T13:03:34.723Z] <<< [apiv2][body] POST https://upload-firebasehosting.googleapis.com/upload/sites/mania-course/versions/6e387f6bf2f09f5f/files/d4c15e654d6cdddd5074491ccd958e812a62421a7ec0c12b283a3835ef5c56ce [stream]
[debug] [2022-10-27T13:03:35.069Z] <<< [apiv2][status] POST https://upload-firebasehosting.googleapis.com/upload/sites/mania-course/versions/6e387f6bf2f09f5f/files/3af65ebcf03e3e72be3e4a33e4f6ba97dd9cce6ba20575e85485524fadd87168 200
[debug] [2022-10-27T13:03:35.069Z] <<< [apiv2][body] POST https://upload-firebasehosting.googleapis.com/upload/sites/mania-course/versions/6e387f6bf2f09f5f/files/3af65ebcf03e3e72be3e4a33e4f6ba97dd9cce6ba20575e85485524fadd87168 [stream]
[debug] [2022-10-27T13:03:35.070Z] [hosting][upload queue][FINAL] {"max":3547,"min":2032,"avg":2742.25,"active":0,"complete":4,"success":4,"errored":0,"retried":0,"total":4,"elapsed":3549}
[info] +  hosting[mania-course]: file upload complete 
[debug] [2022-10-27T13:03:35.074Z] [hosting] deploy completed after 5663ms
[debug] [2022-10-27T13:03:35.087Z] [
  {
    "config": {
      "public": "build",
      "ignore": [
        "firebase.json",
        "**/.*",
        "**/node_modules/**"
      ],
      "rewrites": [
        {
          "source": "**",
          "destination": "/index.html"
        }
      ],
      "site": "mania-course"
    },
    "version": "projects/15410048034/sites/mania-course/versions/6e387f6bf2f09f5f"
  }
]
[info] i  hosting[mania-course]: finalizing version... 
[debug] [2022-10-27T13:03:35.097Z] >>> [apiv2][query] PATCH https://firebasehosting.googleapis.com/v1beta1/projects/-/sites/mania-course/versions/6e387f6bf2f09f5f updateMask=status%2Cconfig
[debug] [2022-10-27T13:03:35.098Z] >>> [apiv2][body] PATCH https://firebasehosting.googleapis.com/v1beta1/projects/-/sites/mania-course/versions/6e387f6bf2f09f5f {"status":"FINALIZED","config":{"rewrites":[{"glob":"**","path":"/index.html"}]}}
[debug] [2022-10-27T13:03:36.746Z] <<< [apiv2][status] PATCH https://firebasehosting.googleapis.com/v1beta1/projects/-/sites/mania-course/versions/6e387f6bf2f09f5f 200
[debug] [2022-10-27T13:03:36.746Z] <<< [apiv2][body] PATCH https://firebasehosting.googleapis.com/v1beta1/projects/-/sites/mania-course/versions/6e387f6bf2f09f5f {"name":"projects/15410048034/sites/mania-course/versions/6e387f6bf2f09f5f","status":"FINALIZED","config":{"rewrites":[{"glob":"**","path":"/index.html"}]},"labels":{"deployment-tool":"cli-firebase"},"createTime":"2022-10-27T13:03:30.804008Z","createUser":{"email":"Dulonmolla88@gmail.com"},"finalizeTime":"2022-10-27T13:03:38.597669Z","finalizeUser":{"email":"Dulonmolla88@gmail.com"}}
[debug] [2022-10-27T13:03:36.746Z] [hosting] finalized version for mania-course:[object Object]
[info] +  hosting[mania-course]: version finalized 
[info] i  hosting[mania-course]: releasing new version... 
[debug] [2022-10-27T13:03:36.754Z] >>> [apiv2][query] POST https://firebasehosting.googleapis.com/v1beta1/projects/-/sites/mania-course/channels/live/releases versionName=projects%2F15410048034%2Fsites%2Fmania-course%2Fversions%2F6e387f6bf2f09f5f
[debug] [2022-10-27T13:03:36.755Z] >>> [apiv2][body] POST https://firebasehosting.googleapis.com/v1beta1/projects/-/sites/mania-course/channels/live/releases {}
[debug] [2022-10-27T13:03:38.440Z] <<< [apiv2][status] POST https://firebasehosting.googleapis.com/v1beta1/projects/-/sites/mania-course/channels/live/releases 200
[debug] [2022-10-27T13:03:38.441Z] <<< [apiv2][body] POST https://firebasehosting.googleapis.com/v1beta1/projects/-/sites/mania-course/channels/live/releases {"name":"projects/15410048034/sites/mania-course/channels/live/releases/1666875819558200","version":{"name":"projects/15410048034/sites/mania-course/versions/6e387f6bf2f09f5f","status":"FINALIZED","config":{"rewrites":[{"glob":"**","path":"/index.html"}]},"labels":{"deployment-tool":"cli-firebase"},"createTime":"2022-10-27T13:03:30.804008Z","createUser":{"email":"Dulonmolla88@gmail.com","imageUrl":"https://lh3.googleusercontent.com/a/ALm5wu3xdL2FiiHdbYJhA1i9sGIyD_6WZfSEjG8Fwtjubg"},"finalizeTime":"2022-10-27T13:03:38.597669Z","finalizeUser":{"email":"Dulonmolla88@gmail.com","imageUrl":"https://lh3.googleusercontent.com/a/ALm5wu3xdL2FiiHdbYJhA1i9sGIyD_6WZfSEjG8Fwtjubg"}},"type":"DEPLOY","releaseTime":"2022-10-27T13:03:39.558200901Z","releaseUser":{"email":"Dulonmolla88@gmail.com","imageUrl":"https://lh3.googleusercontent.com/a/ALm5wu3xdL2FiiHdbYJhA1i9sGIyD_6WZfSEjG8Fwtjubg"}}
[debug] [2022-10-27T13:03:38.441Z] [hosting] release: {"name":"projects/15410048034/sites/mania-course/channels/live/releases/1666875819558200","version":{"name":"projects/15410048034/sites/mania-course/versions/6e387f6bf2f09f5f","status":"FINALIZED","config":{"rewrites":[{"glob":"**","path":"/index.html"}]},"labels":{"deployment-tool":"cli-firebase"},"createTime":"2022-10-27T13:03:30.804008Z","createUser":{"email":"Dulonmolla88@gmail.com","imageUrl":"https://lh3.googleusercontent.com/a/ALm5wu3xdL2FiiHdbYJhA1i9sGIyD_6WZfSEjG8Fwtjubg"},"finalizeTime":"2022-10-27T13:03:38.597669Z","finalizeUser":{"email":"Dulonmolla88@gmail.com","imageUrl":"https://lh3.googleusercontent.com/a/ALm5wu3xdL2FiiHdbYJhA1i9sGIyD_6WZfSEjG8Fwtjubg"}},"type":"DEPLOY","releaseTime":"2022-10-27T13:03:39.558200901Z","releaseUser":{"email":"Dulonmolla88@gmail.com","imageUrl":"https://lh3.googleusercontent.com/a/ALm5wu3xdL2FiiHdbYJhA1i9sGIyD_6WZfSEjG8Fwtjubg"}}
[info] +  hosting[mania-course]: release complete 
[info] 
[info] +  Deploy complete! 
[info] 
[info] Project Console: https://console.firebase.google.com/project/mania-course/overview
[info] Hosting URL: https://mania-course.web.app
[debug] [2022-10-27T13:03:56.252Z] Error: Timed out.
    at Timeout._onTimeout (C:\Users\88019\AppData\Roaming\npm\node_modules\firebase-tools\lib\utils.js:253:49)
    at listOnTimeout (node:internal/timers:559:17)
    at processTimers (node:internal/timers:502:7)
[error] 
[error] Error: An unexpected error has occurred.
